<?xml version="1.0" encoding="UTF-8"?>
<testng-results ignored="0" total="1" passed="1" failed="0" skipped="0">
  <reporter-output>
  </reporter-output>
  <suite started-at="2024-11-20T21:19:14 IST" name="Default suite" finished-at="2024-11-20T21:19:14 IST" duration-ms="88">
    <groups>
    </groups>
    <test started-at="2024-11-20T21:19:14 IST" name="Default test" finished-at="2024-11-20T21:19:14 IST" duration-ms="88">
      <class name="Baseclass">
        <test-method signature="test()[pri:0, instance:Baseclass@4dbb42b7]" started-at="2024-11-20T21:19:14 IST" name="test" finished-at="2024-11-20T21:19:14 IST" duration-ms="21" status="PASS">
          <reporter-output>
          </reporter-output>
        </test-method> <!-- test -->
      </class> <!-- Baseclass -->
    </test> <!-- Default test -->
  </suite> <!-- Default suite -->
</testng-results>
